[2025-12-09 09:06:58,948] INFO django.utils.autoreload - Watching for file changes with StatReloader
[2025-12-09 09:08:09,626] INFO django.utils.autoreload - Watching for file changes with StatReloader
[2025-12-09 09:13:06,805] INFO django.utils.autoreload - /home/ilya/Programming/PG/backend/shop/models.py changed, reloading.
[2025-12-09 09:13:07,724] INFO django.utils.autoreload - Watching for file changes with StatReloader
[2025-12-09 09:14:05,656] INFO django.utils.autoreload - /home/ilya/Programming/PG/backend/gemma/settings.py changed, reloading.
[2025-12-09 09:14:06,276] INFO django.utils.autoreload - Watching for file changes with StatReloader
[2025-12-09 09:14:09,604] INFO django.utils.autoreload - /home/ilya/Programming/PG/backend/gemma/settings.py changed, reloading.
[2025-12-09 11:29:55,208] INFO django.utils.autoreload - Watching for file changes with StatReloader
[2025-12-09 11:29:55,318] INFO daphne.server - HTTP/2 support not enabled (install the http2 and tls Twisted extras)
[2025-12-09 11:29:55,318] INFO daphne.server - Configuring endpoint tcp:port=8000:interface=127.0.0.1
[2025-12-09 11:29:55,319] INFO daphne.server - Listening on TCP address 127.0.0.1:8000
[2025-12-09 11:29:57,155] INFO django.channels.server - [mHTTP GET / 200 [0.01, 127.0.0.1:57110][0m
[2025-12-09 11:29:57,316] WARNING django.request - Not Found: /favicon.ico
[2025-12-09 11:29:57,317] WARNING django.channels.server - [33mHTTP GET /favicon.ico 404 [0.01, 127.0.0.1:57110][0m
[2025-12-09 11:37:03,331] INFO django.utils.autoreload - /home/ilya/Programming/PG/backend/gemma/urls.py changed, reloading.
[2025-12-09 11:37:04,447] INFO django.utils.autoreload - Watching for file changes with StatReloader
[2025-12-09 11:37:04,574] INFO daphne.server - HTTP/2 support not enabled (install the http2 and tls Twisted extras)
[2025-12-09 11:37:04,574] INFO daphne.server - Configuring endpoint tcp:port=8000:interface=127.0.0.1
[2025-12-09 11:37:04,574] INFO daphne.server - Listening on TCP address 127.0.0.1:8000
[2025-12-09 11:37:08,848] INFO django.utils.autoreload - /home/ilya/Programming/PG/backend/gemma/urls.py changed, reloading.
[2025-12-09 11:37:09,829] INFO django.utils.autoreload - Watching for file changes with StatReloader
[2025-12-09 11:37:11,043] INFO django.utils.autoreload - /home/ilya/Programming/PG/backend/gemma/urls.py changed, reloading.
[2025-12-09 11:37:11,930] INFO django.utils.autoreload - Watching for file changes with StatReloader
[2025-12-09 11:37:14,153] INFO django.utils.autoreload - /home/ilya/Programming/PG/backend/gemma/urls.py changed, reloading.
[2025-12-09 11:37:15,129] INFO django.utils.autoreload - Watching for file changes with StatReloader
[2025-12-09 11:37:23,439] INFO django.utils.autoreload - /home/ilya/Programming/PG/backend/gemma/urls.py changed, reloading.
[2025-12-09 11:37:24,201] INFO django.utils.autoreload - Watching for file changes with StatReloader
[2025-12-09 11:37:27,396] INFO django.utils.autoreload - /home/ilya/Programming/PG/backend/gemma/urls.py changed, reloading.
[2025-12-09 11:37:28,349] INFO django.utils.autoreload - Watching for file changes with StatReloader
[2025-12-09 11:37:30,599] INFO django.utils.autoreload - /home/ilya/Programming/PG/backend/gemma/urls.py changed, reloading.
[2025-12-09 11:37:31,426] INFO django.utils.autoreload - Watching for file changes with StatReloader
[2025-12-09 11:37:32,565] INFO django.utils.autoreload - /home/ilya/Programming/PG/backend/gemma/urls.py changed, reloading.
[2025-12-09 11:37:33,407] INFO django.utils.autoreload - Watching for file changes with StatReloader
[2025-12-09 11:37:34,546] INFO django.utils.autoreload - /home/ilya/Programming/PG/backend/gemma/urls.py changed, reloading.
[2025-12-09 11:37:35,386] INFO django.utils.autoreload - Watching for file changes with StatReloader
[2025-12-09 11:37:39,598] INFO django.utils.autoreload - /home/ilya/Programming/PG/backend/gemma/urls.py changed, reloading.
[2025-12-09 11:37:40,403] INFO django.utils.autoreload - Watching for file changes with StatReloader
[2025-12-09 11:37:40,531] INFO daphne.server - HTTP/2 support not enabled (install the http2 and tls Twisted extras)
[2025-12-09 11:37:40,531] INFO daphne.server - Configuring endpoint tcp:port=8000:interface=127.0.0.1
[2025-12-09 11:37:40,531] INFO daphne.server - Listening on TCP address 127.0.0.1:8000
[2025-12-09 11:37:41,705] INFO django.utils.autoreload - /home/ilya/Programming/PG/backend/gemma/urls.py changed, reloading.
[2025-12-09 11:37:42,543] INFO django.utils.autoreload - Watching for file changes with StatReloader
[2025-12-09 11:37:43,688] INFO django.utils.autoreload - /home/ilya/Programming/PG/backend/gemma/urls.py changed, reloading.
[2025-12-09 11:37:44,434] INFO django.utils.autoreload - Watching for file changes with StatReloader
[2025-12-09 12:09:34,463] INFO django.utils.autoreload - /home/ilya/Programming/PG/backend/shop/models.py changed, reloading.
[2025-12-09 12:09:35,331] INFO django.utils.autoreload - Watching for file changes with StatReloader
[2025-12-09 12:09:37,590] INFO django.utils.autoreload - /home/ilya/Programming/PG/backend/shop/models.py changed, reloading.
[2025-12-09 12:09:38,460] INFO django.utils.autoreload - Watching for file changes with StatReloader
[2025-12-09 12:09:42,749] INFO django.utils.autoreload - /home/ilya/Programming/PG/backend/shop/models.py changed, reloading.
[2025-12-09 12:09:43,633] INFO django.utils.autoreload - Watching for file changes with StatReloader
[2025-12-09 12:09:46,859] INFO django.utils.autoreload - /home/ilya/Programming/PG/backend/shop/models.py changed, reloading.
[2025-12-09 12:09:47,741] INFO django.utils.autoreload - Watching for file changes with StatReloader
[2025-12-09 12:09:49,977] INFO django.utils.autoreload - /home/ilya/Programming/PG/backend/shop/models.py changed, reloading.
[2025-12-09 12:09:50,860] INFO django.utils.autoreload - Watching for file changes with StatReloader
[2025-12-09 12:09:53,042] INFO django.utils.autoreload - /home/ilya/Programming/PG/backend/shop/models.py changed, reloading.
[2025-12-09 12:09:53,928] INFO django.utils.autoreload - Watching for file changes with StatReloader
[2025-12-09 12:09:57,191] INFO django.utils.autoreload - /home/ilya/Programming/PG/backend/shop/models.py changed, reloading.
[2025-12-09 12:09:58,216] INFO django.utils.autoreload - Watching for file changes with StatReloader
[2025-12-09 12:10:01,435] INFO django.utils.autoreload - /home/ilya/Programming/PG/backend/shop/models.py changed, reloading.
[2025-12-09 12:10:02,403] INFO django.utils.autoreload - Watching for file changes with StatReloader
[2025-12-09 12:12:18,958] INFO django.utils.autoreload - /home/ilya/Programming/PG/backend/shop/views.py changed, reloading.
[2025-12-09 12:12:19,837] INFO django.utils.autoreload - Watching for file changes with StatReloader
[2025-12-09 12:12:24,063] INFO django.utils.autoreload - /home/ilya/Programming/PG/backend/shop/views.py changed, reloading.
[2025-12-09 12:12:25,045] INFO django.utils.autoreload - Watching for file changes with StatReloader
[2025-12-09 12:12:28,398] INFO django.utils.autoreload - /home/ilya/Programming/PG/backend/shop/views.py changed, reloading.
[2025-12-09 12:12:29,246] INFO django.utils.autoreload - Watching for file changes with StatReloader
[2025-12-09 12:12:31,464] INFO django.utils.autoreload - /home/ilya/Programming/PG/backend/shop/views.py changed, reloading.
[2025-12-09 12:12:32,436] INFO django.utils.autoreload - Watching for file changes with StatReloader
[2025-12-09 12:12:35,693] INFO django.utils.autoreload - /home/ilya/Programming/PG/backend/shop/views.py changed, reloading.
[2025-12-09 12:12:36,613] INFO django.utils.autoreload - Watching for file changes with StatReloader
[2025-12-09 12:12:37,793] INFO django.utils.autoreload - /home/ilya/Programming/PG/backend/shop/views.py changed, reloading.
[2025-12-09 12:12:38,654] INFO django.utils.autoreload - Watching for file changes with StatReloader
[2025-12-09 12:12:40,846] INFO django.utils.autoreload - /home/ilya/Programming/PG/backend/shop/views.py changed, reloading.
[2025-12-09 12:12:41,717] INFO django.utils.autoreload - Watching for file changes with StatReloader
[2025-12-09 12:12:44,958] INFO django.utils.autoreload - /home/ilya/Programming/PG/backend/shop/views.py changed, reloading.
[2025-12-09 12:12:45,866] INFO django.utils.autoreload - Watching for file changes with StatReloader
[2025-12-09 12:12:48,056] INFO django.utils.autoreload - /home/ilya/Programming/PG/backend/shop/views.py changed, reloading.
[2025-12-09 12:12:48,921] INFO django.utils.autoreload - Watching for file changes with StatReloader
[2025-12-09 12:12:52,168] INFO django.utils.autoreload - /home/ilya/Programming/PG/backend/shop/views.py changed, reloading.
[2025-12-09 12:12:53,119] INFO django.utils.autoreload - Watching for file changes with StatReloader
[2025-12-09 12:12:54,290] INFO django.utils.autoreload - /home/ilya/Programming/PG/backend/shop/views.py changed, reloading.
[2025-12-09 12:12:55,084] INFO django.utils.autoreload - Watching for file changes with StatReloader
[2025-12-09 12:12:57,284] INFO django.utils.autoreload - /home/ilya/Programming/PG/backend/shop/views.py changed, reloading.
[2025-12-09 12:12:58,139] INFO django.utils.autoreload - Watching for file changes with StatReloader
[2025-12-09 12:13:00,327] INFO django.utils.autoreload - /home/ilya/Programming/PG/backend/shop/views.py changed, reloading.
[2025-12-09 12:13:01,208] INFO django.utils.autoreload - Watching for file changes with StatReloader
[2025-12-09 12:13:02,384] INFO django.utils.autoreload - /home/ilya/Programming/PG/backend/shop/views.py changed, reloading.
[2025-12-09 12:13:03,275] INFO django.utils.autoreload - Watching for file changes with StatReloader
[2025-12-09 12:13:05,507] INFO django.utils.autoreload - /home/ilya/Programming/PG/backend/shop/views.py changed, reloading.
[2025-12-09 12:13:06,670] INFO django.utils.autoreload - Watching for file changes with StatReloader
[2025-12-09 12:13:09,956] INFO django.utils.autoreload - /home/ilya/Programming/PG/backend/shop/views.py changed, reloading.
[2025-12-09 12:13:10,766] INFO django.utils.autoreload - Watching for file changes with StatReloader
[2025-12-09 12:13:19,088] INFO django.utils.autoreload - /home/ilya/Programming/PG/backend/shop/views.py changed, reloading.
[2025-12-09 12:13:19,949] INFO django.utils.autoreload - Watching for file changes with StatReloader
[2025-12-09 12:13:27,311] INFO django.utils.autoreload - /home/ilya/Programming/PG/backend/shop/views.py changed, reloading.
[2025-12-09 12:13:28,189] INFO django.utils.autoreload - Watching for file changes with StatReloader
[2025-12-09 12:13:31,423] INFO django.utils.autoreload - /home/ilya/Programming/PG/backend/shop/views.py changed, reloading.
[2025-12-09 12:13:32,398] INFO django.utils.autoreload - Watching for file changes with StatReloader
[2025-12-09 12:13:32,626] INFO daphne.server - HTTP/2 support not enabled (install the http2 and tls Twisted extras)
[2025-12-09 12:13:32,626] INFO daphne.server - Configuring endpoint tcp:port=8000:interface=127.0.0.1
[2025-12-09 12:13:32,627] INFO daphne.server - Listening on TCP address 127.0.0.1:8000
[2025-12-09 12:13:34,863] INFO django.utils.autoreload - /home/ilya/Programming/PG/backend/shop/views.py changed, reloading.
[2025-12-09 12:13:35,862] INFO django.utils.autoreload - Watching for file changes with StatReloader
[2025-12-09 12:13:36,014] INFO daphne.server - HTTP/2 support not enabled (install the http2 and tls Twisted extras)
[2025-12-09 12:13:36,014] INFO daphne.server - Configuring endpoint tcp:port=8000:interface=127.0.0.1
[2025-12-09 12:13:36,016] INFO daphne.server - Listening on TCP address 127.0.0.1:8000
[2025-12-09 12:13:37,195] INFO django.utils.autoreload - /home/ilya/Programming/PG/backend/shop/views.py changed, reloading.
[2025-12-09 12:13:38,053] INFO django.utils.autoreload - Watching for file changes with StatReloader
[2025-12-09 12:13:38,194] INFO daphne.server - HTTP/2 support not enabled (install the http2 and tls Twisted extras)
[2025-12-09 12:13:38,195] INFO daphne.server - Configuring endpoint tcp:port=8000:interface=127.0.0.1
[2025-12-09 12:13:38,195] INFO daphne.server - Listening on TCP address 127.0.0.1:8000
[2025-12-09 12:13:45,507] INFO django.utils.autoreload - /home/ilya/Programming/PG/backend/shop/views.py changed, reloading.
[2025-12-09 12:13:46,482] INFO django.utils.autoreload - Watching for file changes with StatReloader
[2025-12-09 12:13:46,604] INFO daphne.server - HTTP/2 support not enabled (install the http2 and tls Twisted extras)
[2025-12-09 12:13:46,604] INFO daphne.server - Configuring endpoint tcp:port=8000:interface=127.0.0.1
[2025-12-09 12:13:46,604] INFO daphne.server - Listening on TCP address 127.0.0.1:8000
[2025-12-09 12:13:48,820] INFO django.utils.autoreload - /home/ilya/Programming/PG/backend/shop/views.py changed, reloading.
[2025-12-09 12:13:49,770] INFO django.utils.autoreload - Watching for file changes with StatReloader
[2025-12-09 12:13:54,060] INFO django.utils.autoreload - /home/ilya/Programming/PG/backend/shop/views.py changed, reloading.
[2025-12-09 12:13:54,969] INFO django.utils.autoreload - Watching for file changes with StatReloader
[2025-12-09 12:14:00,231] INFO django.utils.autoreload - /home/ilya/Programming/PG/backend/shop/views.py changed, reloading.
[2025-12-09 12:14:01,118] INFO django.utils.autoreload - Watching for file changes with StatReloader
[2025-12-09 12:14:02,279] INFO django.utils.autoreload - /home/ilya/Programming/PG/backend/shop/views.py changed, reloading.
[2025-12-09 12:14:03,246] INFO django.utils.autoreload - Watching for file changes with StatReloader
[2025-12-09 12:14:04,414] INFO django.utils.autoreload - /home/ilya/Programming/PG/backend/shop/views.py changed, reloading.
[2025-12-09 12:14:05,246] INFO django.utils.autoreload - Watching for file changes with StatReloader
[2025-12-09 12:14:05,369] INFO daphne.server - HTTP/2 support not enabled (install the http2 and tls Twisted extras)
[2025-12-09 12:14:05,369] INFO daphne.server - Configuring endpoint tcp:port=8000:interface=127.0.0.1
[2025-12-09 12:14:05,370] INFO daphne.server - Listening on TCP address 127.0.0.1:8000
[2025-12-09 12:14:09,601] INFO django.utils.autoreload - /home/ilya/Programming/PG/backend/shop/views.py changed, reloading.
[2025-12-09 12:14:10,422] INFO django.utils.autoreload - Watching for file changes with StatReloader
[2025-12-09 12:14:10,572] INFO daphne.server - HTTP/2 support not enabled (install the http2 and tls Twisted extras)
[2025-12-09 12:14:10,573] INFO daphne.server - Configuring endpoint tcp:port=8000:interface=127.0.0.1
[2025-12-09 12:14:10,573] INFO daphne.server - Listening on TCP address 127.0.0.1:8000
[2025-12-09 12:14:13,783] INFO django.utils.autoreload - /home/ilya/Programming/PG/backend/shop/views.py changed, reloading.
[2025-12-09 12:14:14,752] INFO django.utils.autoreload - Watching for file changes with StatReloader
[2025-12-09 12:14:14,937] INFO daphne.server - HTTP/2 support not enabled (install the http2 and tls Twisted extras)
[2025-12-09 12:14:14,937] INFO daphne.server - Configuring endpoint tcp:port=8000:interface=127.0.0.1
[2025-12-09 12:14:14,938] INFO daphne.server - Listening on TCP address 127.0.0.1:8000
[2025-12-09 12:14:22,273] INFO django.utils.autoreload - /home/ilya/Programming/PG/backend/shop/views.py changed, reloading.
[2025-12-09 12:14:23,099] INFO django.utils.autoreload - Watching for file changes with StatReloader
[2025-12-09 12:14:23,221] INFO daphne.server - HTTP/2 support not enabled (install the http2 and tls Twisted extras)
[2025-12-09 12:14:23,221] INFO daphne.server - Configuring endpoint tcp:port=8000:interface=127.0.0.1
[2025-12-09 12:14:23,221] INFO daphne.server - Listening on TCP address 127.0.0.1:8000
[2025-12-09 12:14:28,486] INFO django.utils.autoreload - /home/ilya/Programming/PG/backend/shop/views.py changed, reloading.
[2025-12-09 12:14:29,293] INFO django.utils.autoreload - Watching for file changes with StatReloader
[2025-12-09 12:14:29,427] INFO daphne.server - HTTP/2 support not enabled (install the http2 and tls Twisted extras)
[2025-12-09 12:14:29,427] INFO daphne.server - Configuring endpoint tcp:port=8000:interface=127.0.0.1
[2025-12-09 12:14:29,428] INFO daphne.server - Listening on TCP address 127.0.0.1:8000
[2025-12-09 12:14:34,665] INFO django.utils.autoreload - /home/ilya/Programming/PG/backend/shop/views.py changed, reloading.
[2025-12-09 12:14:35,546] INFO django.utils.autoreload - Watching for file changes with StatReloader
[2025-12-09 12:14:40,837] INFO django.utils.autoreload - /home/ilya/Programming/PG/backend/shop/views.py changed, reloading.
[2025-12-09 12:14:41,643] INFO django.utils.autoreload - Watching for file changes with StatReloader
[2025-12-09 12:14:43,829] INFO django.utils.autoreload - /home/ilya/Programming/PG/backend/shop/views.py changed, reloading.
[2025-12-09 12:14:44,751] INFO django.utils.autoreload - Watching for file changes with StatReloader
[2025-12-09 12:14:45,924] INFO django.utils.autoreload - /home/ilya/Programming/PG/backend/shop/views.py changed, reloading.
[2025-12-09 12:14:46,760] INFO django.utils.autoreload - Watching for file changes with StatReloader
[2025-12-09 12:14:51,039] INFO django.utils.autoreload - /home/ilya/Programming/PG/backend/shop/views.py changed, reloading.
[2025-12-09 12:14:51,907] INFO django.utils.autoreload - Watching for file changes with StatReloader
[2025-12-09 12:14:56,167] INFO django.utils.autoreload - /home/ilya/Programming/PG/backend/shop/views.py changed, reloading.
[2025-12-09 12:14:57,056] INFO django.utils.autoreload - Watching for file changes with StatReloader
[2025-12-09 12:15:00,290] INFO django.utils.autoreload - /home/ilya/Programming/PG/backend/shop/views.py changed, reloading.
[2025-12-09 12:15:01,155] INFO django.utils.autoreload - Watching for file changes with StatReloader
[2025-12-09 12:15:01,290] INFO daphne.server - HTTP/2 support not enabled (install the http2 and tls Twisted extras)
[2025-12-09 12:15:01,291] INFO daphne.server - Configuring endpoint tcp:port=8000:interface=127.0.0.1
[2025-12-09 12:15:01,292] INFO daphne.server - Listening on TCP address 127.0.0.1:8000
[2025-12-09 12:15:05,528] INFO django.utils.autoreload - /home/ilya/Programming/PG/backend/shop/views.py changed, reloading.
[2025-12-09 12:15:06,380] INFO django.utils.autoreload - Watching for file changes with StatReloader
[2025-12-09 12:15:06,504] INFO daphne.server - HTTP/2 support not enabled (install the http2 and tls Twisted extras)
[2025-12-09 12:15:06,505] INFO daphne.server - Configuring endpoint tcp:port=8000:interface=127.0.0.1
[2025-12-09 12:15:06,505] INFO daphne.server - Listening on TCP address 127.0.0.1:8000
[2025-12-09 12:15:08,684] INFO django.utils.autoreload - /home/ilya/Programming/PG/backend/shop/views.py changed, reloading.
[2025-12-09 12:15:09,517] INFO django.utils.autoreload - Watching for file changes with StatReloader
[2025-12-09 12:15:09,680] INFO daphne.server - HTTP/2 support not enabled (install the http2 and tls Twisted extras)
[2025-12-09 12:15:09,681] INFO daphne.server - Configuring endpoint tcp:port=8000:interface=127.0.0.1
[2025-12-09 12:15:09,681] INFO daphne.server - Listening on TCP address 127.0.0.1:8000
[2025-12-09 12:15:12,971] INFO django.utils.autoreload - /home/ilya/Programming/PG/backend/shop/views.py changed, reloading.
[2025-12-09 12:15:13,752] INFO django.utils.autoreload - Watching for file changes with StatReloader
[2025-12-09 12:15:47,943] INFO django.utils.autoreload - /home/ilya/Programming/PG/backend/shop/views.py changed, reloading.
[2025-12-09 12:15:48,804] INFO django.utils.autoreload - Watching for file changes with StatReloader
[2025-12-09 12:15:58,124] INFO django.utils.autoreload - /home/ilya/Programming/PG/backend/shop/views.py changed, reloading.
[2025-12-09 12:15:58,902] INFO django.utils.autoreload - Watching for file changes with StatReloader
[2025-12-09 12:15:59,025] INFO daphne.server - HTTP/2 support not enabled (install the http2 and tls Twisted extras)
[2025-12-09 12:15:59,025] INFO daphne.server - Configuring endpoint tcp:port=8000:interface=127.0.0.1
[2025-12-09 12:15:59,026] INFO daphne.server - Listening on TCP address 127.0.0.1:8000
[2025-12-09 12:16:07,400] INFO django.utils.autoreload - /home/ilya/Programming/PG/backend/shop/views.py changed, reloading.
[2025-12-09 12:16:08,250] INFO django.utils.autoreload - Watching for file changes with StatReloader
[2025-12-09 12:16:08,391] INFO daphne.server - HTTP/2 support not enabled (install the http2 and tls Twisted extras)
[2025-12-09 12:16:08,391] INFO daphne.server - Configuring endpoint tcp:port=8000:interface=127.0.0.1
[2025-12-09 12:16:08,391] INFO daphne.server - Listening on TCP address 127.0.0.1:8000
[2025-12-09 12:16:16,758] INFO django.utils.autoreload - /home/ilya/Programming/PG/backend/shop/urls.py changed, reloading.
[2025-12-09 12:16:17,559] INFO django.utils.autoreload - Watching for file changes with StatReloader
[2025-12-09 12:26:01,943] INFO django.utils.autoreload - /home/ilya/Programming/PG/backend/shop/urls.py changed, reloading.
[2025-12-09 12:26:02,767] INFO django.utils.autoreload - Watching for file changes with StatReloader
[2025-12-09 12:26:04,955] INFO django.utils.autoreload - /home/ilya/Programming/PG/backend/shop/urls.py changed, reloading.
[2025-12-09 12:26:05,738] INFO django.utils.autoreload - Watching for file changes with StatReloader
[2025-12-09 12:26:07,927] INFO django.utils.autoreload - /home/ilya/Programming/PG/backend/shop/urls.py changed, reloading.
[2025-12-09 12:26:08,764] INFO django.utils.autoreload - Watching for file changes with StatReloader
[2025-12-09 12:26:09,919] INFO django.utils.autoreload - /home/ilya/Programming/PG/backend/shop/urls.py changed, reloading.
[2025-12-09 12:26:10,800] INFO django.utils.autoreload - Watching for file changes with StatReloader
[2025-12-09 12:26:11,963] INFO django.utils.autoreload - /home/ilya/Programming/PG/backend/shop/urls.py changed, reloading.
[2025-12-09 12:26:12,811] INFO django.utils.autoreload - Watching for file changes with StatReloader
[2025-12-09 12:26:15,091] INFO django.utils.autoreload - /home/ilya/Programming/PG/backend/shop/urls.py changed, reloading.
[2025-12-09 12:26:15,956] INFO django.utils.autoreload - Watching for file changes with StatReloader
[2025-12-09 12:26:20,210] INFO django.utils.autoreload - /home/ilya/Programming/PG/backend/shop/urls.py changed, reloading.
[2025-12-09 12:26:21,077] INFO django.utils.autoreload - Watching for file changes with StatReloader
[2025-12-09 12:26:25,460] INFO django.utils.autoreload - /home/ilya/Programming/PG/backend/shop/urls.py changed, reloading.
[2025-12-09 12:26:26,283] INFO django.utils.autoreload - Watching for file changes with StatReloader
[2025-12-09 12:26:26,405] INFO daphne.server - HTTP/2 support not enabled (install the http2 and tls Twisted extras)
[2025-12-09 12:26:26,405] INFO daphne.server - Configuring endpoint tcp:port=8000:interface=127.0.0.1
[2025-12-09 12:26:26,406] INFO daphne.server - Listening on TCP address 127.0.0.1:8000
[2025-12-09 12:26:28,912] WARNING django.request - Not Found: /
[2025-12-09 12:26:28,913] WARNING django.channels.server - [33mHTTP GET / 404 [0.01, 127.0.0.1:33630][0m
[2025-12-09 12:26:44,412] WARNING django.request - Unauthorized: /api/products/
[2025-12-09 12:26:44,413] WARNING django.channels.server - [31;1mHTTP GET /api/products/ 401 [0.08, 127.0.0.1:33630][0m
[2025-12-09 12:26:44,547] INFO django.channels.server - [mHTTP GET /static/rest_framework/css/bootstrap.min.css 200 [0.06, 127.0.0.1:33630][0m
[2025-12-09 12:26:44,549] INFO django.channels.server - [mHTTP GET /static/rest_framework/css/default.css 200 [0.05, 127.0.0.1:60174][0m
[2025-12-09 12:26:44,550] INFO django.channels.server - [mHTTP GET /static/rest_framework/css/bootstrap-tweaks.css 200 [0.06, 127.0.0.1:60156][0m
[2025-12-09 12:26:44,551] INFO django.channels.server - [mHTTP GET /static/rest_framework/css/prettify.css 200 [0.06, 127.0.0.1:60162][0m
[2025-12-09 12:26:44,554] INFO django.channels.server - [mHTTP GET /static/rest_framework/js/jquery-3.7.1.min.js 200 [0.06, 127.0.0.1:60186][0m
[2025-12-09 12:26:44,561] INFO django.channels.server - [mHTTP GET /static/rest_framework/js/ajax-form.js 200 [0.02, 127.0.0.1:60188][0m
[2025-12-09 12:26:44,571] INFO django.channels.server - [mHTTP GET /static/rest_framework/js/prettify-min.js 200 [0.02, 127.0.0.1:60156][0m
[2025-12-09 12:26:44,571] INFO django.channels.server - [mHTTP GET /static/rest_framework/js/load-ajax-form.js 200 [0.01, 127.0.0.1:60186][0m
[2025-12-09 12:26:44,572] INFO django.channels.server - [mHTTP GET /static/rest_framework/js/bootstrap.min.js 200 [0.02, 127.0.0.1:60174][0m
[2025-12-09 12:26:44,573] INFO django.channels.server - [mHTTP GET /static/rest_framework/js/default.js 200 [0.02, 127.0.0.1:60162][0m
[2025-12-09 12:26:44,573] INFO django.channels.server - [mHTTP GET /static/rest_framework/js/csrf.js 200 [0.02, 127.0.0.1:33630][0m
[2025-12-09 12:26:44,620] INFO django.channels.server - [mHTTP GET /static/rest_framework/img/grid.png 200 [0.00, 127.0.0.1:33630][0m
[2025-12-09 12:26:57,675] INFO django.utils.autoreload - /home/ilya/Programming/PG/backend/shop/views.py changed, reloading.
[2025-12-09 12:26:58,771] INFO django.utils.autoreload - Watching for file changes with StatReloader
[2025-12-09 12:26:58,975] INFO daphne.server - HTTP/2 support not enabled (install the http2 and tls Twisted extras)
[2025-12-09 12:26:58,975] INFO daphne.server - Configuring endpoint tcp:port=8000:interface=127.0.0.1
[2025-12-09 12:26:58,976] INFO daphne.server - Listening on TCP address 127.0.0.1:8000
[2025-12-09 12:27:01,202] INFO django.utils.autoreload - /home/ilya/Programming/PG/backend/shop/views.py changed, reloading.
[2025-12-09 12:27:02,096] INFO django.utils.autoreload - Watching for file changes with StatReloader
[2025-12-09 12:27:04,300] INFO django.utils.autoreload - /home/ilya/Programming/PG/backend/shop/views.py changed, reloading.
[2025-12-09 12:27:05,341] INFO django.utils.autoreload - Watching for file changes with StatReloader
[2025-12-09 12:27:05,520] INFO daphne.server - HTTP/2 support not enabled (install the http2 and tls Twisted extras)
[2025-12-09 12:27:05,520] INFO daphne.server - Configuring endpoint tcp:port=8000:interface=127.0.0.1
[2025-12-09 12:27:05,521] INFO daphne.server - Listening on TCP address 127.0.0.1:8000
[2025-12-09 12:27:13,957] INFO django.utils.autoreload - /home/ilya/Programming/PG/backend/shop/views.py changed, reloading.
[2025-12-09 12:27:15,029] INFO django.utils.autoreload - Watching for file changes with StatReloader
[2025-12-09 12:27:15,156] INFO daphne.server - HTTP/2 support not enabled (install the http2 and tls Twisted extras)
[2025-12-09 12:27:15,156] INFO daphne.server - Configuring endpoint tcp:port=8000:interface=127.0.0.1
[2025-12-09 12:27:15,157] INFO daphne.server - Listening on TCP address 127.0.0.1:8000
[2025-12-09 12:27:16,319] INFO django.utils.autoreload - /home/ilya/Programming/PG/backend/shop/views.py changed, reloading.
[2025-12-09 12:27:17,278] INFO django.utils.autoreload - Watching for file changes with StatReloader
[2025-12-09 12:27:24,764] INFO django.utils.autoreload - /home/ilya/Programming/PG/backend/shop/views.py changed, reloading.
[2025-12-09 12:27:25,697] INFO django.utils.autoreload - Watching for file changes with StatReloader
[2025-12-09 12:27:28,907] INFO django.utils.autoreload - /home/ilya/Programming/PG/backend/shop/views.py changed, reloading.
[2025-12-09 12:27:29,795] INFO django.utils.autoreload - Watching for file changes with StatReloader
[2025-12-09 12:27:34,096] INFO django.utils.autoreload - /home/ilya/Programming/PG/backend/shop/views.py changed, reloading.
[2025-12-09 12:27:34,945] INFO django.utils.autoreload - Watching for file changes with StatReloader
[2025-12-09 12:27:35,074] INFO daphne.server - HTTP/2 support not enabled (install the http2 and tls Twisted extras)
[2025-12-09 12:27:35,074] INFO daphne.server - Configuring endpoint tcp:port=8000:interface=127.0.0.1
[2025-12-09 12:27:35,075] INFO daphne.server - Listening on TCP address 127.0.0.1:8000
[2025-12-09 12:27:39,222] WARNING django.request - Forbidden: /api/products/
[2025-12-09 12:27:39,223] WARNING django.channels.server - [31;1mHTTP GET /api/products/ 403 [0.06, 127.0.0.1:43850][0m
[2025-12-09 12:27:39,408] INFO django.utils.autoreload - /home/ilya/Programming/PG/backend/shop/views.py changed, reloading.
[2025-12-09 12:27:40,247] INFO django.utils.autoreload - Watching for file changes with StatReloader
[2025-12-09 12:27:40,365] INFO daphne.server - HTTP/2 support not enabled (install the http2 and tls Twisted extras)
[2025-12-09 12:27:40,366] INFO daphne.server - Configuring endpoint tcp:port=8000:interface=127.0.0.1
[2025-12-09 12:27:40,366] INFO daphne.server - Listening on TCP address 127.0.0.1:8000
[2025-12-09 12:27:41,370] ERROR django.request - Internal Server Error: /api/products/
Traceback (most recent call last):
  File "/home/ilya/Programming/PG/backend/.venv/lib/python3.14/site-packages/rest_framework/request.py", line 74, in wrap_attributeerrors
    yield
  File "/home/ilya/Programming/PG/backend/.venv/lib/python3.14/site-packages/rest_framework/request.py", line 232, in user
    self._authenticate()
    ~~~~~~~~~~~~~~~~~~^^
  File "/home/ilya/Programming/PG/backend/.venv/lib/python3.14/site-packages/rest_framework/request.py", line 385, in _authenticate
    user_auth_tuple = authenticator.authenticate(self)
                      ^^^^^^^^^^^^^^^^^^^^^^^^^^
AttributeError: 'AllowAny' object has no attribute 'authenticate'

During handling of the above exception, another exception occurred:

Traceback (most recent call last):
  File "/home/ilya/Programming/PG/backend/.venv/lib/python3.14/site-packages/asgiref/sync.py", line 555, in thread_handler
    raise exc_info[1]
  File "/home/ilya/Programming/PG/backend/.venv/lib/python3.14/site-packages/django/core/handlers/exception.py", line 42, in inner
    response = await get_response(request)
               ^^^^^^^^^^^^^^^^^^^^^^^^^^^
  File "/home/ilya/Programming/PG/backend/.venv/lib/python3.14/site-packages/asgiref/sync.py", line 555, in thread_handler
    raise exc_info[1]
  File "/home/ilya/Programming/PG/backend/.venv/lib/python3.14/site-packages/django/core/handlers/base.py", line 254, in _get_response_async
    response = await wrapped_callback(
               ^^^^^^^^^^^^^^^^^^^^^^^
        request, *callback_args, **callback_kwargs
        ^^^^^^^^^^^^^^^^^^^^^^^^^^^^^^^^^^^^^^^^^^
    )
    ^
  File "/home/ilya/Programming/PG/backend/.venv/lib/python3.14/site-packages/asgiref/sync.py", line 504, in __call__
    ret = await asyncio.shield(exec_coro)
          ^^^^^^^^^^^^^^^^^^^^^^^^^^^^^^^
  File "/home/ilya/.local/share/uv/python/cpython-3.14.0-linux-x86_64-gnu/lib/python3.14/concurrent/futures/thread.py", line 86, in run
    result = ctx.run(self.task)
  File "/home/ilya/.local/share/uv/python/cpython-3.14.0-linux-x86_64-gnu/lib/python3.14/concurrent/futures/thread.py", line 73, in run
    return fn(*args, **kwargs)
  File "/home/ilya/Programming/PG/backend/.venv/lib/python3.14/site-packages/asgiref/sync.py", line 559, in thread_handler
    return func(*args, **kwargs)
  File "/home/ilya/Programming/PG/backend/.venv/lib/python3.14/site-packages/django/views/decorators/csrf.py", line 65, in _view_wrapper
    return view_func(request, *args, **kwargs)
  File "/home/ilya/Programming/PG/backend/.venv/lib/python3.14/site-packages/django/views/generic/base.py", line 106, in view
    return self.dispatch(request, *args, **kwargs)
           ~~~~~~~~~~~~~^^^^^^^^^^^^^^^^^^^^^^^^^^
  File "/home/ilya/Programming/PG/backend/.venv/lib/python3.14/site-packages/rest_framework/views.py", line 515, in dispatch
    response = self.handle_exception(exc)
  File "/home/ilya/Programming/PG/backend/.venv/lib/python3.14/site-packages/rest_framework/views.py", line 475, in handle_exception
    self.raise_uncaught_exception(exc)
    ~~~~~~~~~~~~~~~~~~~~~~~~~~~~~^^^^^
  File "/home/ilya/Programming/PG/backend/.venv/lib/python3.14/site-packages/rest_framework/views.py", line 486, in raise_uncaught_exception
    raise exc
  File "/home/ilya/Programming/PG/backend/.venv/lib/python3.14/site-packages/rest_framework/views.py", line 503, in dispatch
    self.initial(request, *args, **kwargs)
    ~~~~~~~~~~~~^^^^^^^^^^^^^^^^^^^^^^^^^^
  File "/home/ilya/Programming/PG/backend/.venv/lib/python3.14/site-packages/rest_framework/views.py", line 420, in initial
    self.perform_authentication(request)
    ~~~~~~~~~~~~~~~~~~~~~~~~~~~^^^^^^^^^
  File "/home/ilya/Programming/PG/backend/.venv/lib/python3.14/site-packages/rest_framework/views.py", line 330, in perform_authentication
    request.user
  File "/home/ilya/Programming/PG/backend/.venv/lib/python3.14/site-packages/rest_framework/request.py", line 231, in user
    with wrap_attributeerrors():
         ~~~~~~~~~~~~~~~~~~~~^^
  File "/home/ilya/.local/share/uv/python/cpython-3.14.0-linux-x86_64-gnu/lib/python3.14/contextlib.py", line 162, in __exit__
    self.gen.throw(value)
    ~~~~~~~~~~~~~~^^^^^^^
  File "/home/ilya/Programming/PG/backend/.venv/lib/python3.14/site-packages/rest_framework/request.py", line 78, in wrap_attributeerrors
    raise exc.with_traceback(info[2])
  File "/home/ilya/Programming/PG/backend/.venv/lib/python3.14/site-packages/rest_framework/request.py", line 74, in wrap_attributeerrors
    yield
  File "/home/ilya/Programming/PG/backend/.venv/lib/python3.14/site-packages/rest_framework/request.py", line 232, in user
    self._authenticate()
    ~~~~~~~~~~~~~~~~~~^^
  File "/home/ilya/Programming/PG/backend/.venv/lib/python3.14/site-packages/rest_framework/request.py", line 385, in _authenticate
    user_auth_tuple = authenticator.authenticate(self)
                      ^^^^^^^^^^^^^^^^^^^^^^^^^^
rest_framework.request.WrappedAttributeError: 'AllowAny' object has no attribute 'authenticate'
[2025-12-09 12:27:41,376] ERROR django.channels.server - [35;1mHTTP GET /api/products/ 500 [0.05, 127.0.0.1:43878][0m
[2025-12-09 12:27:57,022] INFO django.utils.autoreload - /home/ilya/Programming/PG/backend/shop/views.py changed, reloading.
[2025-12-09 12:27:57,870] INFO django.utils.autoreload - Watching for file changes with StatReloader
[2025-12-09 12:27:57,998] INFO daphne.server - HTTP/2 support not enabled (install the http2 and tls Twisted extras)
[2025-12-09 12:27:57,998] INFO daphne.server - Configuring endpoint tcp:port=8000:interface=127.0.0.1
[2025-12-09 12:27:57,999] INFO daphne.server - Listening on TCP address 127.0.0.1:8000
[2025-12-09 12:28:02,241] INFO django.utils.autoreload - /home/ilya/Programming/PG/backend/shop/views.py changed, reloading.
[2025-12-09 12:28:03,102] INFO django.utils.autoreload - Watching for file changes with StatReloader
[2025-12-09 12:28:03,266] INFO daphne.server - HTTP/2 support not enabled (install the http2 and tls Twisted extras)
[2025-12-09 12:28:03,266] INFO daphne.server - Configuring endpoint tcp:port=8000:interface=127.0.0.1
[2025-12-09 12:28:03,267] INFO daphne.server - Listening on TCP address 127.0.0.1:8000
[2025-12-09 12:34:16,748] INFO django.utils.autoreload - /home/ilya/Programming/PG/backend/shop/views.py changed, reloading.
[2025-12-09 12:34:17,620] INFO django.utils.autoreload - Watching for file changes with StatReloader
[2025-12-09 12:34:17,749] INFO daphne.server - HTTP/2 support not enabled (install the http2 and tls Twisted extras)
[2025-12-09 12:34:17,749] INFO daphne.server - Configuring endpoint tcp:port=8000:interface=127.0.0.1
[2025-12-09 12:34:17,750] INFO daphne.server - Listening on TCP address 127.0.0.1:8000
[2025-12-09 12:34:18,316] ERROR django.request - Internal Server Error: /api/products/
Traceback (most recent call last):
  File "/home/ilya/Programming/PG/backend/.venv/lib/python3.14/site-packages/django/db/backends/utils.py", line 105, in _execute
    return self.cursor.execute(sql, params)
           ~~~~~~~~~~~~~~~~~~~^^^^^^^^^^^^^
  File "/home/ilya/Programming/PG/backend/.venv/lib/python3.14/site-packages/django/db/backends/sqlite3/base.py", line 359, in execute
    return super().execute(query, params)
           ~~~~~~~~~~~~~~~^^^^^^^^^^^^^^^
sqlite3.OperationalError: no such column: shop_product.updated_at

The above exception was the direct cause of the following exception:

Traceback (most recent call last):
  File "/home/ilya/Programming/PG/backend/.venv/lib/python3.14/site-packages/asgiref/sync.py", line 555, in thread_handler
    raise exc_info[1]
  File "/home/ilya/Programming/PG/backend/.venv/lib/python3.14/site-packages/django/core/handlers/exception.py", line 42, in inner
    response = await get_response(request)
               ^^^^^^^^^^^^^^^^^^^^^^^^^^^
  File "/home/ilya/Programming/PG/backend/.venv/lib/python3.14/site-packages/asgiref/sync.py", line 555, in thread_handler
    raise exc_info[1]
  File "/home/ilya/Programming/PG/backend/.venv/lib/python3.14/site-packages/django/core/handlers/base.py", line 254, in _get_response_async
    response = await wrapped_callback(
               ^^^^^^^^^^^^^^^^^^^^^^^
        request, *callback_args, **callback_kwargs
        ^^^^^^^^^^^^^^^^^^^^^^^^^^^^^^^^^^^^^^^^^^
    )
    ^
  File "/home/ilya/Programming/PG/backend/.venv/lib/python3.14/site-packages/asgiref/sync.py", line 504, in __call__
    ret = await asyncio.shield(exec_coro)
          ^^^^^^^^^^^^^^^^^^^^^^^^^^^^^^^
  File "/home/ilya/.local/share/uv/python/cpython-3.14.0-linux-x86_64-gnu/lib/python3.14/concurrent/futures/thread.py", line 86, in run
    result = ctx.run(self.task)
  File "/home/ilya/.local/share/uv/python/cpython-3.14.0-linux-x86_64-gnu/lib/python3.14/concurrent/futures/thread.py", line 73, in run
    return fn(*args, **kwargs)
  File "/home/ilya/Programming/PG/backend/.venv/lib/python3.14/site-packages/asgiref/sync.py", line 559, in thread_handler
    return func(*args, **kwargs)
  File "/home/ilya/Programming/PG/backend/.venv/lib/python3.14/site-packages/django/views/decorators/csrf.py", line 65, in _view_wrapper
    return view_func(request, *args, **kwargs)
  File "/home/ilya/Programming/PG/backend/.venv/lib/python3.14/site-packages/django/views/generic/base.py", line 106, in view
    return self.dispatch(request, *args, **kwargs)
           ~~~~~~~~~~~~~^^^^^^^^^^^^^^^^^^^^^^^^^^
  File "/home/ilya/Programming/PG/backend/.venv/lib/python3.14/site-packages/rest_framework/views.py", line 515, in dispatch
    response = self.handle_exception(exc)
  File "/home/ilya/Programming/PG/backend/.venv/lib/python3.14/site-packages/rest_framework/views.py", line 475, in handle_exception
    self.raise_uncaught_exception(exc)
    ~~~~~~~~~~~~~~~~~~~~~~~~~~~~~^^^^^
  File "/home/ilya/Programming/PG/backend/.venv/lib/python3.14/site-packages/rest_framework/views.py", line 486, in raise_uncaught_exception
    raise exc
  File "/home/ilya/Programming/PG/backend/.venv/lib/python3.14/site-packages/rest_framework/views.py", line 512, in dispatch
    response = handler(request, *args, **kwargs)
  File "/home/ilya/Programming/PG/backend/shop/views.py", line 18, in get
    return Response(serializer.data, status=HTTP_200_OK)
                    ^^^^^^^^^^^^^^^
  File "/home/ilya/Programming/PG/backend/.venv/lib/python3.14/site-packages/rest_framework/serializers.py", line 797, in data
    ret = super().data
          ^^^^^^^^^^^^
  File "/home/ilya/Programming/PG/backend/.venv/lib/python3.14/site-packages/rest_framework/serializers.py", line 251, in data
    self._data = self.to_representation(self.instance)
                 ~~~~~~~~~~~~~~~~~~~~~~^^^^^^^^^^^^^^^
  File "/home/ilya/Programming/PG/backend/.venv/lib/python3.14/site-packages/rest_framework/serializers.py", line 716, in to_representation
    self.child.to_representation(item) for item in iterable
                                                   ^^^^^^^^
  File "/home/ilya/Programming/PG/backend/.venv/lib/python3.14/site-packages/django/db/models/query.py", line 390, in __iter__
    self._fetch_all()
    ~~~~~~~~~~~~~~~^^
  File "/home/ilya/Programming/PG/backend/.venv/lib/python3.14/site-packages/django/db/models/query.py", line 2000, in _fetch_all
    self._result_cache = list(self._iterable_class(self))
                         ~~~~^^^^^^^^^^^^^^^^^^^^^^^^^^^^
  File "/home/ilya/Programming/PG/backend/.venv/lib/python3.14/site-packages/django/db/models/query.py", line 95, in __iter__
    results = compiler.execute_sql(
        chunked_fetch=self.chunked_fetch, chunk_size=self.chunk_size
    )
  File "/home/ilya/Programming/PG/backend/.venv/lib/python3.14/site-packages/django/db/models/sql/compiler.py", line 1624, in execute_sql
    cursor.execute(sql, params)
    ~~~~~~~~~~~~~~^^^^^^^^^^^^^
  File "/home/ilya/Programming/PG/backend/.venv/lib/python3.14/site-packages/django/db/backends/utils.py", line 122, in execute
    return super().execute(sql, params)
           ~~~~~~~~~~~~~~~^^^^^^^^^^^^^
  File "/home/ilya/Programming/PG/backend/.venv/lib/python3.14/site-packages/django/db/backends/utils.py", line 79, in execute
    return self._execute_with_wrappers(
           ~~~~~~~~~~~~~~~~~~~~~~~~~~~^
        sql, params, many=False, executor=self._execute
        ^^^^^^^^^^^^^^^^^^^^^^^^^^^^^^^^^^^^^^^^^^^^^^^
    )
    ^
  File "/home/ilya/Programming/PG/backend/.venv/lib/python3.14/site-packages/django/db/backends/utils.py", line 92, in _execute_with_wrappers
    return executor(sql, params, many, context)
  File "/home/ilya/Programming/PG/backend/.venv/lib/python3.14/site-packages/django/db/backends/utils.py", line 100, in _execute
    with self.db.wrap_database_errors:
         ^^^^^^^^^^^^^^^^^^^^^^^^^^^^
  File "/home/ilya/Programming/PG/backend/.venv/lib/python3.14/site-packages/django/db/utils.py", line 94, in __exit__
    raise dj_exc_value.with_traceback(traceback) from exc_value
  File "/home/ilya/Programming/PG/backend/.venv/lib/python3.14/site-packages/django/db/backends/utils.py", line 105, in _execute
    return self.cursor.execute(sql, params)
           ~~~~~~~~~~~~~~~~~~~^^^^^^^^^^^^^
  File "/home/ilya/Programming/PG/backend/.venv/lib/python3.14/site-packages/django/db/backends/sqlite3/base.py", line 359, in execute
    return super().execute(query, params)
           ~~~~~~~~~~~~~~~^^^^^^^^^^^^^^^
django.db.utils.OperationalError: no such column: shop_product.updated_at
[2025-12-09 12:34:18,324] ERROR django.channels.server - [35;1mHTTP GET /api/products/ 500 [0.05, 127.0.0.1:45424][0m
[2025-12-09 12:34:50,802] INFO django.channels.server - [mHTTP GET /api/products/ 200 [0.04, 127.0.0.1:45424][0m
[2025-12-09 12:35:33,165] INFO django.utils.autoreload - Watching for file changes with StatReloader
[2025-12-09 12:35:33,293] INFO daphne.server - HTTP/2 support not enabled (install the http2 and tls Twisted extras)
[2025-12-09 12:35:33,293] INFO daphne.server - Configuring endpoint tcp:port=8000:interface=127.0.0.1
[2025-12-09 12:35:33,294] INFO daphne.server - Listening on TCP address 127.0.0.1:8000
[2025-12-09 12:35:37,959] INFO django.channels.server - [mHTTP GET /api/products/ 200 [0.04, 127.0.0.1:49382][0m
[2025-12-09 12:35:39,012] INFO django.channels.server - [mHTTP GET /api/products/ 200 [0.01, 127.0.0.1:49382][0m
[2025-12-09 12:37:26,694] INFO django.utils.autoreload - /home/ilya/Programming/PG/backend/shop/serializers.py changed, reloading.
[2025-12-09 12:37:27,613] INFO django.utils.autoreload - Watching for file changes with StatReloader
[2025-12-09 12:37:27,740] INFO daphne.server - HTTP/2 support not enabled (install the http2 and tls Twisted extras)
[2025-12-09 12:37:27,740] INFO daphne.server - Configuring endpoint tcp:port=8000:interface=127.0.0.1
[2025-12-09 12:37:27,741] INFO daphne.server - Listening on TCP address 127.0.0.1:8000
[2025-12-09 12:37:32,013] INFO django.utils.autoreload - /home/ilya/Programming/PG/backend/shop/serializers.py changed, reloading.
[2025-12-09 12:37:32,907] INFO django.utils.autoreload - Watching for file changes with StatReloader
[2025-12-09 12:37:33,042] INFO daphne.server - HTTP/2 support not enabled (install the http2 and tls Twisted extras)
[2025-12-09 12:37:33,042] INFO daphne.server - Configuring endpoint tcp:port=8000:interface=127.0.0.1
[2025-12-09 12:37:33,043] INFO daphne.server - Listening on TCP address 127.0.0.1:8000
[2025-12-09 12:37:45,521] INFO django.utils.autoreload - /home/ilya/Programming/PG/backend/shop/serializers.py changed, reloading.
[2025-12-09 12:37:46,518] INFO django.utils.autoreload - Watching for file changes with StatReloader
[2025-12-09 12:37:46,685] INFO daphne.server - HTTP/2 support not enabled (install the http2 and tls Twisted extras)
[2025-12-09 12:37:46,686] INFO daphne.server - Configuring endpoint tcp:port=8000:interface=127.0.0.1
[2025-12-09 12:37:46,686] INFO daphne.server - Listening on TCP address 127.0.0.1:8000
[2025-12-09 12:37:47,912] INFO django.utils.autoreload - /home/ilya/Programming/PG/backend/shop/serializers.py changed, reloading.
[2025-12-09 12:37:48,799] INFO django.utils.autoreload - Watching for file changes with StatReloader
[2025-12-09 12:37:59,228] INFO django.utils.autoreload - /home/ilya/Programming/PG/backend/shop/serializers.py changed, reloading.
[2025-12-09 12:38:00,109] INFO django.utils.autoreload - Watching for file changes with StatReloader
[2025-12-09 12:38:04,407] INFO django.utils.autoreload - /home/ilya/Programming/PG/backend/shop/serializers.py changed, reloading.
[2025-12-09 12:38:05,308] INFO django.utils.autoreload - Watching for file changes with StatReloader
[2025-12-09 12:38:09,649] INFO django.utils.autoreload - /home/ilya/Programming/PG/backend/shop/serializers.py changed, reloading.
[2025-12-09 12:38:10,522] INFO django.utils.autoreload - Watching for file changes with StatReloader
[2025-12-09 12:38:10,656] INFO daphne.server - HTTP/2 support not enabled (install the http2 and tls Twisted extras)
[2025-12-09 12:38:10,656] INFO daphne.server - Configuring endpoint tcp:port=8000:interface=127.0.0.1
[2025-12-09 12:38:10,657] INFO daphne.server - Listening on TCP address 127.0.0.1:8000
[2025-12-09 12:38:16,952] INFO django.utils.autoreload - /home/ilya/Programming/PG/backend/shop/serializers.py changed, reloading.
[2025-12-09 12:38:17,854] INFO django.utils.autoreload - Watching for file changes with StatReloader
[2025-12-09 12:38:17,982] INFO daphne.server - HTTP/2 support not enabled (install the http2 and tls Twisted extras)
[2025-12-09 12:38:17,982] INFO daphne.server - Configuring endpoint tcp:port=8000:interface=127.0.0.1
[2025-12-09 12:38:17,983] INFO daphne.server - Listening on TCP address 127.0.0.1:8000
[2025-12-09 12:38:19,140] INFO django.utils.autoreload - /home/ilya/Programming/PG/backend/shop/serializers.py changed, reloading.
[2025-12-09 12:38:19,985] INFO django.utils.autoreload - Watching for file changes with StatReloader
[2025-12-09 12:38:20,118] INFO daphne.server - HTTP/2 support not enabled (install the http2 and tls Twisted extras)
[2025-12-09 12:38:20,118] INFO daphne.server - Configuring endpoint tcp:port=8000:interface=127.0.0.1
[2025-12-09 12:38:20,118] INFO daphne.server - Listening on TCP address 127.0.0.1:8000
[2025-12-09 12:38:25,409] INFO django.utils.autoreload - /home/ilya/Programming/PG/backend/shop/serializers.py changed, reloading.
[2025-12-09 12:38:26,326] INFO django.utils.autoreload - Watching for file changes with StatReloader
[2025-12-09 12:38:26,455] INFO daphne.server - HTTP/2 support not enabled (install the http2 and tls Twisted extras)
[2025-12-09 12:38:26,455] INFO daphne.server - Configuring endpoint tcp:port=8000:interface=127.0.0.1
[2025-12-09 12:38:26,456] INFO daphne.server - Listening on TCP address 127.0.0.1:8000
[2025-12-09 12:38:27,641] INFO django.utils.autoreload - /home/ilya/Programming/PG/backend/shop/serializers.py changed, reloading.
[2025-12-09 12:38:28,529] INFO django.utils.autoreload - Watching for file changes with StatReloader
[2025-12-09 12:38:28,658] INFO daphne.server - HTTP/2 support not enabled (install the http2 and tls Twisted extras)
[2025-12-09 12:38:28,658] INFO daphne.server - Configuring endpoint tcp:port=8000:interface=127.0.0.1
[2025-12-09 12:38:28,659] INFO daphne.server - Listening on TCP address 127.0.0.1:8000
[2025-12-09 12:38:32,904] INFO django.utils.autoreload - /home/ilya/Programming/PG/backend/shop/serializers.py changed, reloading.
[2025-12-09 12:38:33,798] INFO django.utils.autoreload - Watching for file changes with StatReloader
[2025-12-09 12:38:33,949] INFO daphne.server - HTTP/2 support not enabled (install the http2 and tls Twisted extras)
[2025-12-09 12:38:33,949] INFO daphne.server - Configuring endpoint tcp:port=8000:interface=127.0.0.1
[2025-12-09 12:38:33,949] INFO daphne.server - Listening on TCP address 127.0.0.1:8000
[2025-12-09 12:38:35,110] INFO django.utils.autoreload - /home/ilya/Programming/PG/backend/shop/serializers.py changed, reloading.
[2025-12-09 12:38:35,992] INFO django.utils.autoreload - Watching for file changes with StatReloader
[2025-12-09 12:38:45,404] INFO django.utils.autoreload - /home/ilya/Programming/PG/backend/shop/models.py changed, reloading.
[2025-12-09 12:38:46,263] INFO django.utils.autoreload - Watching for file changes with StatReloader
[2025-12-09 12:39:08,038] INFO django.utils.autoreload - /home/ilya/Programming/PG/backend/shop/serializers.py changed, reloading.
[2025-12-09 12:39:08,987] INFO django.utils.autoreload - Watching for file changes with StatReloader
[2025-12-09 12:39:09,210] INFO daphne.server - HTTP/2 support not enabled (install the http2 and tls Twisted extras)
[2025-12-09 12:39:09,210] INFO daphne.server - Configuring endpoint tcp:port=8000:interface=127.0.0.1
[2025-12-09 12:39:09,214] INFO daphne.server - Listening on TCP address 127.0.0.1:8000
[2025-12-09 12:39:31,023] INFO django.utils.autoreload - /home/ilya/Programming/PG/backend/shop/models.py changed, reloading.
[2025-12-09 12:39:31,971] INFO django.utils.autoreload - Watching for file changes with StatReloader
[2025-12-09 12:39:44,598] INFO django.utils.autoreload - /home/ilya/Programming/PG/backend/shop/models.py changed, reloading.
[2025-12-09 12:39:45,482] INFO django.utils.autoreload - Watching for file changes with StatReloader
[2025-12-09 12:39:45,605] INFO daphne.server - HTTP/2 support not enabled (install the http2 and tls Twisted extras)
[2025-12-09 12:39:45,605] INFO daphne.server - Configuring endpoint tcp:port=8000:interface=127.0.0.1
[2025-12-09 12:39:45,606] INFO daphne.server - Listening on TCP address 127.0.0.1:8000
[2025-12-09 12:39:47,872] INFO django.utils.autoreload - /home/ilya/Programming/PG/backend/shop/models.py changed, reloading.
[2025-12-09 12:39:48,844] INFO django.utils.autoreload - Watching for file changes with StatReloader
[2025-12-09 12:39:52,159] INFO django.utils.autoreload - /home/ilya/Programming/PG/backend/shop/models.py changed, reloading.
[2025-12-09 12:39:52,917] INFO django.utils.autoreload - Watching for file changes with StatReloader
[2025-12-09 12:39:57,236] INFO django.utils.autoreload - /home/ilya/Programming/PG/backend/shop/models.py changed, reloading.
[2025-12-09 12:39:58,078] INFO django.utils.autoreload - Watching for file changes with StatReloader
[2025-12-09 12:39:58,213] INFO daphne.server - HTTP/2 support not enabled (install the http2 and tls Twisted extras)
[2025-12-09 12:39:58,214] INFO daphne.server - Configuring endpoint tcp:port=8000:interface=127.0.0.1
[2025-12-09 12:39:58,215] INFO daphne.server - Listening on TCP address 127.0.0.1:8000
[2025-12-09 12:41:09,364] INFO django.utils.autoreload - /home/ilya/Programming/PG/backend/shop/serializers.py changed, reloading.
[2025-12-09 12:41:10,339] INFO django.utils.autoreload - Watching for file changes with StatReloader
[2025-12-09 12:41:14,667] INFO django.utils.autoreload - /home/ilya/Programming/PG/backend/shop/serializers.py changed, reloading.
[2025-12-09 12:41:15,594] INFO django.utils.autoreload - Watching for file changes with StatReloader
[2025-12-09 12:41:15,743] INFO daphne.server - HTTP/2 support not enabled (install the http2 and tls Twisted extras)
[2025-12-09 12:41:15,744] INFO daphne.server - Configuring endpoint tcp:port=8000:interface=127.0.0.1
[2025-12-09 12:41:15,745] INFO daphne.server - Listening on TCP address 127.0.0.1:8000
[2025-12-09 12:41:16,921] INFO django.utils.autoreload - /home/ilya/Programming/PG/backend/shop/serializers.py changed, reloading.
[2025-12-09 12:41:17,804] INFO django.utils.autoreload - Watching for file changes with StatReloader
[2025-12-09 12:41:17,958] INFO daphne.server - HTTP/2 support not enabled (install the http2 and tls Twisted extras)
[2025-12-09 12:41:17,959] INFO daphne.server - Configuring endpoint tcp:port=8000:interface=127.0.0.1
[2025-12-09 12:41:17,959] INFO daphne.server - Listening on TCP address 127.0.0.1:8000
[2025-12-09 12:47:46,330] INFO django.utils.autoreload - /home/ilya/Programming/PG/backend/shop/views.py changed, reloading.
[2025-12-09 12:47:47,214] INFO django.utils.autoreload - Watching for file changes with StatReloader
[2025-12-09 12:47:47,343] INFO daphne.server - HTTP/2 support not enabled (install the http2 and tls Twisted extras)
[2025-12-09 12:47:47,344] INFO daphne.server - Configuring endpoint tcp:port=8000:interface=127.0.0.1
[2025-12-09 12:47:47,344] INFO daphne.server - Listening on TCP address 127.0.0.1:8000
[2025-12-09 12:47:50,566] INFO django.utils.autoreload - /home/ilya/Programming/PG/backend/shop/views.py changed, reloading.
[2025-12-09 12:47:51,413] INFO django.utils.autoreload - Watching for file changes with StatReloader
[2025-12-09 12:47:51,572] INFO daphne.server - HTTP/2 support not enabled (install the http2 and tls Twisted extras)
[2025-12-09 12:47:51,572] INFO daphne.server - Configuring endpoint tcp:port=8000:interface=127.0.0.1
[2025-12-09 12:47:51,573] INFO daphne.server - Listening on TCP address 127.0.0.1:8000
[2025-12-09 12:48:12,324] INFO django.utils.autoreload - /home/ilya/Programming/PG/backend/shop/models.py changed, reloading.
[2025-12-09 12:48:13,155] INFO django.utils.autoreload - Watching for file changes with StatReloader
[2025-12-09 12:48:13,281] INFO daphne.server - HTTP/2 support not enabled (install the http2 and tls Twisted extras)
[2025-12-09 12:48:13,282] INFO daphne.server - Configuring endpoint tcp:port=8000:interface=127.0.0.1
[2025-12-09 12:48:13,282] INFO daphne.server - Listening on TCP address 127.0.0.1:8000
[2025-12-09 12:50:14,317] INFO django.utils.autoreload - /home/ilya/Programming/PG/backend/shop/views.py changed, reloading.
[2025-12-09 12:50:15,171] INFO django.utils.autoreload - Watching for file changes with StatReloader
[2025-12-09 12:50:26,628] INFO django.utils.autoreload - /home/ilya/Programming/PG/backend/shop/views.py changed, reloading.
[2025-12-09 12:50:27,411] INFO django.utils.autoreload - Watching for file changes with StatReloader
[2025-12-09 12:50:29,593] INFO django.utils.autoreload - /home/ilya/Programming/PG/backend/shop/views.py changed, reloading.
[2025-12-09 12:50:30,488] INFO django.utils.autoreload - Watching for file changes with StatReloader
[2025-12-09 12:50:33,758] INFO django.utils.autoreload - /home/ilya/Programming/PG/backend/shop/views.py changed, reloading.
[2025-12-09 12:50:34,643] INFO django.utils.autoreload - Watching for file changes with StatReloader
[2025-12-09 12:50:38,898] INFO django.utils.autoreload - /home/ilya/Programming/PG/backend/shop/views.py changed, reloading.
[2025-12-09 12:50:39,916] INFO django.utils.autoreload - Watching for file changes with StatReloader
[2025-12-09 12:50:41,095] INFO django.utils.autoreload - /home/ilya/Programming/PG/backend/shop/views.py changed, reloading.
[2025-12-09 12:50:41,881] INFO django.utils.autoreload - Watching for file changes with StatReloader
[2025-12-09 12:50:46,196] INFO django.utils.autoreload - /home/ilya/Programming/PG/backend/shop/views.py changed, reloading.
[2025-12-09 12:50:47,019] INFO django.utils.autoreload - Watching for file changes with StatReloader
[2025-12-09 12:50:50,323] INFO django.utils.autoreload - /home/ilya/Programming/PG/backend/shop/views.py changed, reloading.
[2025-12-09 12:50:51,099] INFO django.utils.autoreload - Watching for file changes with StatReloader
[2025-12-09 12:50:55,361] INFO django.utils.autoreload - /home/ilya/Programming/PG/backend/shop/views.py changed, reloading.
[2025-12-09 12:50:56,189] INFO django.utils.autoreload - Watching for file changes with StatReloader
[2025-12-09 12:50:57,431] INFO django.utils.autoreload - /home/ilya/Programming/PG/backend/shop/views.py changed, reloading.
[2025-12-09 12:50:58,222] INFO django.utils.autoreload - Watching for file changes with StatReloader
[2025-12-09 12:50:58,344] INFO daphne.server - HTTP/2 support not enabled (install the http2 and tls Twisted extras)
[2025-12-09 12:50:58,344] INFO daphne.server - Configuring endpoint tcp:port=8000:interface=127.0.0.1
[2025-12-09 12:50:58,345] INFO daphne.server - Listening on TCP address 127.0.0.1:8000
[2025-12-09 12:51:01,533] INFO django.utils.autoreload - /home/ilya/Programming/PG/backend/shop/views.py changed, reloading.
[2025-12-09 12:51:02,417] INFO django.utils.autoreload - Watching for file changes with StatReloader
[2025-12-09 12:51:02,552] INFO daphne.server - HTTP/2 support not enabled (install the http2 and tls Twisted extras)
[2025-12-09 12:51:02,552] INFO daphne.server - Configuring endpoint tcp:port=8000:interface=127.0.0.1
[2025-12-09 12:51:02,553] INFO daphne.server - Listening on TCP address 127.0.0.1:8000
[2025-12-09 12:51:06,788] INFO django.utils.autoreload - /home/ilya/Programming/PG/backend/shop/views.py changed, reloading.
[2025-12-09 12:51:07,642] INFO django.utils.autoreload - Watching for file changes with StatReloader
[2025-12-09 12:51:11,997] INFO django.utils.autoreload - /home/ilya/Programming/PG/backend/shop/views.py changed, reloading.
[2025-12-09 12:51:12,866] INFO django.utils.autoreload - Watching for file changes with StatReloader
[2025-12-09 12:51:13,011] INFO daphne.server - HTTP/2 support not enabled (install the http2 and tls Twisted extras)
[2025-12-09 12:51:13,011] INFO daphne.server - Configuring endpoint tcp:port=8000:interface=127.0.0.1
[2025-12-09 12:51:13,012] INFO daphne.server - Listening on TCP address 127.0.0.1:8000
[2025-12-09 12:51:17,254] INFO django.utils.autoreload - /home/ilya/Programming/PG/backend/shop/views.py changed, reloading.
[2025-12-09 12:51:18,207] INFO django.utils.autoreload - Watching for file changes with StatReloader
[2025-12-09 12:51:19,410] INFO django.utils.autoreload - /home/ilya/Programming/PG/backend/shop/views.py changed, reloading.
[2025-12-09 12:51:20,184] INFO django.utils.autoreload - Watching for file changes with StatReloader
[2025-12-09 12:51:25,457] INFO django.utils.autoreload - /home/ilya/Programming/PG/backend/shop/views.py changed, reloading.
[2025-12-09 12:51:26,428] INFO django.utils.autoreload - Watching for file changes with StatReloader
[2025-12-09 12:51:29,684] INFO django.utils.autoreload - /home/ilya/Programming/PG/backend/shop/views.py changed, reloading.
[2025-12-09 12:51:30,524] INFO django.utils.autoreload - Watching for file changes with StatReloader
[2025-12-09 12:51:34,777] INFO django.utils.autoreload - /home/ilya/Programming/PG/backend/shop/views.py changed, reloading.
[2025-12-09 12:51:35,775] INFO django.utils.autoreload - Watching for file changes with StatReloader
[2025-12-09 12:51:40,045] INFO django.utils.autoreload - /home/ilya/Programming/PG/backend/shop/views.py changed, reloading.
[2025-12-09 12:51:41,029] INFO django.utils.autoreload - Watching for file changes with StatReloader
[2025-12-09 12:51:47,333] INFO django.utils.autoreload - /home/ilya/Programming/PG/backend/shop/views.py changed, reloading.
[2025-12-09 12:51:48,108] INFO django.utils.autoreload - Watching for file changes with StatReloader
[2025-12-09 12:51:48,220] INFO daphne.server - HTTP/2 support not enabled (install the http2 and tls Twisted extras)
[2025-12-09 12:51:48,221] INFO daphne.server - Configuring endpoint tcp:port=8000:interface=127.0.0.1
[2025-12-09 12:51:48,222] INFO daphne.server - Listening on TCP address 127.0.0.1:8000
[2025-12-09 12:51:55,543] INFO django.utils.autoreload - /home/ilya/Programming/PG/backend/shop/views.py changed, reloading.
[2025-12-09 12:51:56,398] INFO django.utils.autoreload - Watching for file changes with StatReloader
[2025-12-09 12:51:56,523] INFO daphne.server - HTTP/2 support not enabled (install the http2 and tls Twisted extras)
[2025-12-09 12:51:56,524] INFO daphne.server - Configuring endpoint tcp:port=8000:interface=127.0.0.1
[2025-12-09 12:51:56,525] INFO daphne.server - Listening on TCP address 127.0.0.1:8000
[2025-12-09 12:51:58,705] INFO django.utils.autoreload - /home/ilya/Programming/PG/backend/shop/views.py changed, reloading.
[2025-12-09 12:51:59,566] INFO django.utils.autoreload - Watching for file changes with StatReloader
[2025-12-09 12:51:59,704] INFO daphne.server - HTTP/2 support not enabled (install the http2 and tls Twisted extras)
[2025-12-09 12:51:59,704] INFO daphne.server - Configuring endpoint tcp:port=8000:interface=127.0.0.1
[2025-12-09 12:51:59,706] INFO daphne.server - Listening on TCP address 127.0.0.1:8000
[2025-12-09 12:52:04,976] INFO django.utils.autoreload - /home/ilya/Programming/PG/backend/shop/views.py changed, reloading.
[2025-12-09 12:52:05,826] INFO django.utils.autoreload - Watching for file changes with StatReloader
[2025-12-09 12:52:05,958] INFO daphne.server - HTTP/2 support not enabled (install the http2 and tls Twisted extras)
[2025-12-09 12:52:05,958] INFO daphne.server - Configuring endpoint tcp:port=8000:interface=127.0.0.1
[2025-12-09 12:52:05,959] INFO daphne.server - Listening on TCP address 127.0.0.1:8000
[2025-12-09 12:52:47,491] INFO django.utils.autoreload - /home/ilya/Programming/PG/backend/shop/urls.py changed, reloading.
[2025-12-09 12:52:48,458] INFO django.utils.autoreload - Watching for file changes with StatReloader
[2025-12-09 12:52:48,593] INFO daphne.server - HTTP/2 support not enabled (install the http2 and tls Twisted extras)
[2025-12-09 12:52:48,593] INFO daphne.server - Configuring endpoint tcp:port=8000:interface=127.0.0.1
[2025-12-09 12:52:48,594] INFO daphne.server - Listening on TCP address 127.0.0.1:8000
[2025-12-09 12:52:53,888] INFO django.utils.autoreload - /home/ilya/Programming/PG/backend/shop/urls.py changed, reloading.
[2025-12-09 12:52:54,755] INFO django.utils.autoreload - Watching for file changes with StatReloader
[2025-12-09 12:52:54,879] INFO daphne.server - HTTP/2 support not enabled (install the http2 and tls Twisted extras)
[2025-12-09 12:52:54,879] INFO daphne.server - Configuring endpoint tcp:port=8000:interface=127.0.0.1
[2025-12-09 12:52:54,880] INFO daphne.server - Listening on TCP address 127.0.0.1:8000
[2025-12-09 12:53:34,342] INFO django.utils.autoreload - /home/ilya/Programming/PG/backend/shop/urls.py changed, reloading.
[2025-12-09 12:53:35,196] INFO django.utils.autoreload - Watching for file changes with StatReloader
[2025-12-09 12:53:35,317] INFO daphne.server - HTTP/2 support not enabled (install the http2 and tls Twisted extras)
[2025-12-09 12:53:35,317] INFO daphne.server - Configuring endpoint tcp:port=8000:interface=127.0.0.1
[2025-12-09 12:53:35,317] INFO daphne.server - Listening on TCP address 127.0.0.1:8000
[2025-12-09 12:53:37,517] INFO django.channels.server - [mHTTP GET /api/ingredients/ 200 [0.04, 127.0.0.1:33828][0m
[2025-12-09 12:56:10,914] INFO django.channels.server - [mHTTP POST /api/ingredients/ 200 [0.36, 127.0.0.1:36614][0m
[2025-12-09 13:08:42,608] INFO django.channels.server - [mHTTP GET /api/ingredients/ 200 [0.01, 127.0.0.1:34764][0m
[2025-12-09 13:12:09,770] INFO django.channels.server - [mHTTP GET /api/ingredients/ 200 [0.01, 127.0.0.1:50232][0m
[2025-12-09 13:12:10,579] INFO django.channels.server - [mHTTP GET /api/ingredients/ 200 [0.02, 127.0.0.1:50232][0m
[2025-12-09 13:12:31,999] INFO django.channels.server - [mHTTP GET /api/ingredients/ 200 [0.01, 127.0.0.1:50232][0m
[2025-12-09 13:12:32,785] INFO django.channels.server - [mHTTP GET /api/ingredients/ 200 [0.01, 127.0.0.1:50232][0m
[2025-12-09 13:12:44,132] INFO django.utils.autoreload - Watching for file changes with StatReloader
[2025-12-09 13:12:44,262] INFO daphne.server - HTTP/2 support not enabled (install the http2 and tls Twisted extras)
[2025-12-09 13:12:44,262] INFO daphne.server - Configuring endpoint tcp:port=8000:interface=127.0.0.1
[2025-12-09 13:12:44,263] INFO daphne.server - Listening on TCP address 127.0.0.1:8000
[2025-12-09 13:12:45,619] INFO django.channels.server - [mHTTP GET /api/ingredients/ 200 [0.07, 127.0.0.1:34940][0m
[2025-12-09 13:12:46,445] INFO django.channels.server - [mHTTP GET /api/ingredients/ 200 [0.04, 127.0.0.1:34940][0m
[2025-12-09 13:13:14,872] INFO django.channels.server - [mHTTP GET /api/ingredients/ 200 [0.01, 127.0.0.1:34940][0m
[2025-12-09 13:13:15,528] INFO django.channels.server - [mHTTP GET /api/ingredients/ 200 [0.01, 127.0.0.1:34940][0m
[2025-12-09 13:14:17,773] INFO django.channels.server - [mHTTP GET /api/ingredients/ 200 [0.01, 127.0.0.1:55396][0m
[2025-12-09 13:15:19,947] INFO django.channels.server - [mHTTP GET /api/ingredients/ 200 [0.01, 127.0.0.1:33492][0m
[2025-12-09 13:15:21,189] INFO django.channels.server - [mHTTP GET /api/ingredients/ 200 [0.02, 127.0.0.1:33492][0m
[2025-12-09 13:15:47,226] INFO django.channels.server - [mHTTP GET /api/ingredients/ 200 [0.01, 127.0.0.1:33492][0m
[2025-12-09 13:15:48,097] INFO django.channels.server - [mHTTP GET /api/ingredients/ 200 [0.01, 127.0.0.1:45442][0m
[2025-12-09 13:15:48,475] INFO django.channels.server - [mHTTP GET /api/ingredients/ 200 [0.01, 127.0.0.1:45442][0m
[2025-12-09 13:15:48,691] INFO django.channels.server - [mHTTP GET /api/ingredients/ 200 [0.01, 127.0.0.1:45442][0m
[2025-12-09 13:15:48,946] INFO django.channels.server - [mHTTP GET /api/ingredients/ 200 [0.02, 127.0.0.1:45442][0m
[2025-12-09 13:15:49,131] INFO django.channels.server - [mHTTP GET /api/ingredients/ 200 [0.01, 127.0.0.1:45442][0m
[2025-12-09 13:15:49,307] INFO django.channels.server - [mHTTP GET /api/ingredients/ 200 [0.01, 127.0.0.1:45442][0m
[2025-12-09 13:15:49,495] INFO django.channels.server - [mHTTP GET /api/ingredients/ 200 [0.01, 127.0.0.1:45442][0m
[2025-12-09 13:15:49,875] INFO django.channels.server - [mHTTP GET /api/ingredients/ 200 [0.04, 127.0.0.1:45442][0m
[2025-12-09 13:15:50,004] INFO django.channels.server - [mHTTP GET /api/ingredients/ 200 [0.01, 127.0.0.1:45442][0m
[2025-12-09 13:15:50,272] INFO django.channels.server - [mHTTP GET /api/ingredients/ 200 [0.02, 127.0.0.1:45442][0m
[2025-12-09 13:20:34,428] INFO django.channels.server - [mHTTP GET /api/ingredients/ 200 [0.01, 127.0.0.1:42164][0m
[2025-12-09 13:20:35,153] INFO django.channels.server - [mHTTP GET /api/ingredients/ 200 [0.01, 127.0.0.1:42172][0m
[2025-12-09 13:20:35,380] INFO django.channels.server - [mHTTP GET /api/ingredients/ 200 [0.01, 127.0.0.1:42172][0m
[2025-12-09 13:20:35,584] INFO django.channels.server - [mHTTP GET /api/ingredients/ 200 [0.01, 127.0.0.1:42172][0m
[2025-12-09 13:20:35,770] INFO django.channels.server - [mHTTP GET /api/ingredients/ 200 [0.02, 127.0.0.1:42172][0m
[2025-12-09 13:20:35,975] INFO django.channels.server - [mHTTP GET /api/ingredients/ 200 [0.01, 127.0.0.1:42172][0m
[2025-12-09 13:20:36,162] INFO django.channels.server - [mHTTP GET /api/ingredients/ 200 [0.01, 127.0.0.1:42172][0m
[2025-12-09 13:20:37,875] INFO django.channels.server - [mHTTP GET /api/ingredients/ 200 [0.01, 127.0.0.1:42172][0m
[2025-12-09 13:21:25,036] INFO django.channels.server - [mHTTP GET /api/ingredients/ 200 [0.02, 127.0.0.1:42172][0m
[2025-12-09 13:21:25,905] INFO django.channels.server - [mHTTP GET /api/ingredients/ 200 [0.02, 127.0.0.1:42172][0m
[2025-12-09 13:21:26,069] INFO django.channels.server - [mHTTP GET /api/ingredients/ 200 [0.01, 127.0.0.1:42172][0m
[2025-12-09 13:21:26,268] INFO django.channels.server - [mHTTP GET /api/ingredients/ 200 [0.01, 127.0.0.1:42172][0m
[2025-12-09 13:21:26,445] INFO django.channels.server - [mHTTP GET /api/ingredients/ 200 [0.01, 127.0.0.1:42172][0m
[2025-12-09 13:21:26,669] INFO django.channels.server - [mHTTP GET /api/ingredients/ 200 [0.02, 127.0.0.1:42172][0m
[2025-12-09 13:21:40,280] INFO django.channels.server - [mHTTP GET /api/ingredients/ 200 [0.01, 127.0.0.1:42172][0m
[2025-12-09 13:22:26,645] INFO django.utils.autoreload - /home/ilya/Programming/PG/backend/shop/urls.py changed, reloading.
[2025-12-09 13:22:27,542] INFO django.utils.autoreload - Watching for file changes with StatReloader
[2025-12-09 13:22:29,723] INFO django.utils.autoreload - /home/ilya/Programming/PG/backend/shop/urls.py changed, reloading.
[2025-12-09 13:22:30,622] INFO django.utils.autoreload - Watching for file changes with StatReloader
[2025-12-09 13:22:30,749] INFO daphne.server - HTTP/2 support not enabled (install the http2 and tls Twisted extras)
[2025-12-09 13:22:30,749] INFO daphne.server - Configuring endpoint tcp:port=8000:interface=127.0.0.1
[2025-12-09 13:22:30,749] INFO daphne.server - Listening on TCP address 127.0.0.1:8000
[2025-12-09 13:22:30,889] INFO django.channels.server - [mHTTP GET /api/ingredients/ 200 [0.05, 127.0.0.1:36790][0m
[2025-12-11 13:13:49,709] INFO django.utils.autoreload - Watching for file changes with StatReloader
[2025-12-11 13:13:49,903] INFO daphne.server - HTTP/2 support not enabled (install the http2 and tls Twisted extras)
[2025-12-11 13:13:49,903] INFO daphne.server - Configuring endpoint tcp:port=8000:interface=127.0.0.1
[2025-12-11 13:13:49,904] INFO daphne.server - Listening on TCP address 127.0.0.1:8000
[2025-12-11 13:37:51,700] INFO django.utils.autoreload - Watching for file changes with StatReloader
[2025-12-11 13:37:52,230] INFO daphne.server - HTTP/2 support not enabled (install the http2 and tls Twisted extras)
[2025-12-11 13:37:52,230] INFO daphne.server - Configuring endpoint tcp:port=8000:interface=127.0.0.1
[2025-12-11 13:37:52,230] INFO daphne.server - Listening on TCP address 127.0.0.1:8000
[2025-12-11 13:40:46,928] INFO django.utils.autoreload - Watching for file changes with StatReloader
[2025-12-11 13:40:47,046] INFO daphne.server - HTTP/2 support not enabled (install the http2 and tls Twisted extras)
[2025-12-11 13:40:47,046] INFO daphne.server - Configuring endpoint tcp:port=8000:interface=127.0.0.1
[2025-12-11 13:40:47,047] INFO daphne.server - Listening on TCP address 127.0.0.1:8000
[2025-12-11 13:41:13,204] INFO django.utils.autoreload - Watching for file changes with StatReloader
[2025-12-11 13:41:13,350] INFO daphne.server - HTTP/2 support not enabled (install the http2 and tls Twisted extras)
[2025-12-11 13:41:13,350] INFO daphne.server - Configuring endpoint tcp:port=8000:interface=127.0.0.1
[2025-12-11 13:41:13,351] INFO daphne.server - Listening on TCP address 127.0.0.1:8000
[2025-12-11 13:41:23,819] INFO django.utils.autoreload - /home/ilya/Programming/PG/backend/gemma/settings.py changed, reloading.
[2025-12-11 13:41:24,783] INFO django.utils.autoreload - Watching for file changes with StatReloader
[2025-12-11 13:41:24,935] INFO daphne.server - HTTP/2 support not enabled (install the http2 and tls Twisted extras)
[2025-12-11 13:41:24,935] INFO daphne.server - Configuring endpoint tcp:port=8000:interface=127.0.0.1
[2025-12-11 13:41:24,936] INFO daphne.server - Listening on TCP address 127.0.0.1:8000
